<?xml version="1.0" encoding="UTF-8"?>
<!-- Generated by org.testng.reporters.JUnitReportReporter -->
<testsuite hostname="LAPTOP-O654JP8L" name="com.qa.tests.PostAPITest" tests="1" failures="0" timestamp="2 Feb 2018 22:32:42 GMT" time="1.391" errors="0">
  <testcase name="postAPITest" time="1.391" classname="com.qa.tests.PostAPITest"/>
</testsuite> <!-- com.qa.tests.PostAPITest -->
