<?xml version="1.0" encoding="UTF-8"?>
<!-- Generated by org.testng.reporters.JUnitReportReporter -->
<testsuite hostname="LAPTOP-O654JP8L" name="com.qa.tests.GetAPITest" tests="2" failures="0" timestamp="2 Feb 2018 20:26:26 GMT" time="1.693" errors="0">
  <testcase name="getAPItestWithHeaders" time="1.241" classname="com.qa.tests.GetAPITest"/>
  <testcase name="getAPItestWithoutHeaders" time="0.452" classname="com.qa.tests.GetAPITest"/>
</testsuite> <!-- com.qa.tests.GetAPITest -->
